/home/ubuntu/miniconda3/envs/conda_cpu/bin/python
PRO_DIR: /work2/DELPHI_Server/Src
TMP_DIR: /work2/DELPHI_Server/Src/tmp/tmp-2020-06-14-10-20-02
computing ECO
INPUT_FN is /work2/DELPHI_Server/Src/tmp/tmp-2020-06-14-10-20-02/input.fasta
split_program
genMSA_program
mkdir: cannot create directory ‘/work2/DELPHI_Server/Src/tmp/tmp-2020-06-14-10-20-02/ECO_raw/1/’: File exists
/work2/DELPHI_Server/Src/tmp/tmp-2020-06-14-10-20-02/ECO_raw/1//NP_001154913.1.fasta
Checking
/work2/DELPHI_Server/Src/tmp/tmp-2020-06-14-10-20-02/ECO_raw/1//XP_003259529.2.fasta
Checking
/work2/DELPHI_Server/Src/tmp/tmp-2020-06-14-10-20-02/ECO_raw/1//XP_004284582.1.fasta
Checking
/work2/DELPHI_Server/Src/tmp/tmp-2020-06-14-10-20-02/ECO_raw/1//XP_004480636.1.fasta
Checking
/work2/DELPHI_Server/Src/tmp/tmp-2020-06-14-10-20-02/ECO_raw/1//XP_004778530.1.fasta
Checking
/work2/DELPHI_Server/Src/tmp/tmp-2020-06-14-10-20-02/ECO_raw/1//XP_005411762.1.fasta
Checking
/work2/DELPHI_Server/Src/tmp/tmp-2020-06-14-10-20-02/ECO_raw/1//XP_005541458.1.fasta
Checking
/work2/DELPHI_Server/Src/tmp/tmp-2020-06-14-10-20-02/ECO_raw/1//XP_005898811.1.fasta
Checking
/work2/DELPHI_Server/Src/tmp/tmp-2020-06-14-10-20-02/ECO_raw/1//XP_006052010.1.fasta
Checking
/work2/DELPHI_Server/Src/tmp/tmp-2020-06-14-10-20-02/ECO_raw/1//XP_006501617.1.fasta
Checking
/work2/DELPHI_Server/Src/tmp/tmp-2020-06-14-10-20-02/ECO_raw/1//XP_007110396.1.fasta
Checking
/work2/DELPHI_Server/Src/tmp/tmp-2020-06-14-10-20-02/ECO_raw/1//XP_007457934.1.fasta
Checking
/work2/DELPHI_Server/Src/tmp/tmp-2020-06-14-10-20-02/ECO_raw/1//XP_007974887.1.fasta
Checking
/work2/DELPHI_Server/Src/tmp/tmp-2020-06-14-10-20-02/ECO_raw/1//XP_008047986.1.fasta
Checking
/work2/DELPHI_Server/Src/tmp/tmp-2020-06-14-10-20-02/ECO_raw/1//XP_008262513.1.fasta
Checking
/work2/DELPHI_Server/Src/tmp/tmp-2020-06-14-10-20-02/ECO_raw/1//XP_008694758.1.fasta
Checking
/work2/DELPHI_Server/Src/tmp/tmp-2020-06-14-10-20-02/ECO_raw/1//XP_008982868.1.fasta
Checking
/work2/DELPHI_Server/Src/tmp/tmp-2020-06-14-10-20-02/ECO_raw/1//XP_009432938.2.fasta
Checking
/work2/DELPHI_Server/Src/tmp/tmp-2020-06-14-10-20-02/ECO_raw/1//XP_011768187.1.fasta
Checking
/work2/DELPHI_Server/Src/tmp/tmp-2020-06-14-10-20-02/ECO_raw/1//XP_011783850.1.fasta
Checking
/work2/DELPHI_Server/Src/tmp/tmp-2020-06-14-10-20-02/ECO_raw/1//XP_011848214.1.fasta
Checking
/work2/DELPHI_Server/Src/tmp/tmp-2020-06-14-10-20-02/ECO_raw/1//XP_011934136.1.fasta
Checking
/work2/DELPHI_Server/Src/tmp/tmp-2020-06-14-10-20-02/ECO_raw/1//XP_012305214.1.fasta
Checking
/work2/DELPHI_Server/Src/tmp/tmp-2020-06-14-10-20-02/ECO_raw/1//XP_012418763.1.fasta
Checking
/work2/DELPHI_Server/Src/tmp/tmp-2020-06-14-10-20-02/ECO_raw/1//XP_012886129.1.fasta
Checking
/work2/DELPHI_Server/Src/tmp/tmp-2020-06-14-10-20-02/ECO_raw/1//XP_013014485.1.fasta
Checking
/work2/DELPHI_Server/Src/tmp/tmp-2020-06-14-10-20-02/ECO_raw/1//XP_016021673.1.fasta
Checking
/work2/DELPHI_Server/Src/tmp/tmp-2020-06-14-10-20-02/ECO_raw/1//XP_017365535.1.fasta
Checking
/work2/DELPHI_Server/Src/tmp/tmp-2020-06-14-10-20-02/ECO_raw/1//XP_017707973.1.fasta
Checking
/work2/DELPHI_Server/Src/tmp/tmp-2020-06-14-10-20-02/ECO_raw/1//XP_021014583.1.fasta
Checking
/work2/DELPHI_Server/Src/tmp/tmp-2020-06-14-10-20-02/ECO_raw/1//XP_021052433.1.fasta
Checking
/work2/DELPHI_Server/Src/tmp/tmp-2020-06-14-10-20-02/ECO_raw/1//XP_021088736.1.fasta
Checking
/work2/DELPHI_Server/Src/tmp/tmp-2020-06-14-10-20-02/ECO_raw/1//XP_021517519.1.fasta
Checking
/work2/DELPHI_Server/Src/tmp/tmp-2020-06-14-10-20-02/ECO_raw/1//XP_022276949.1.fasta
Checking
/work2/DELPHI_Server/Src/tmp/tmp-2020-06-14-10-20-02/ECO_raw/1//XP_022346709.1.fasta
Checking
/work2/DELPHI_Server/Src/tmp/tmp-2020-06-14-10-20-02/ECO_raw/1//XP_022415439.1.fasta
Checking
/work2/DELPHI_Server/Src/tmp/tmp-2020-06-14-10-20-02/ECO_raw/1//XP_023069863.1.fasta
Checking
/work2/DELPHI_Server/Src/tmp/tmp-2020-06-14-10-20-02/ECO_raw/1//XP_023102973.1.fasta
Checking
/work2/DELPHI_Server/Src/tmp/tmp-2020-06-14-10-20-02/ECO_raw/1//XP_023409861.1.fasta
Checking
/work2/DELPHI_Server/Src/tmp/tmp-2020-06-14-10-20-02/ECO_raw/1//XP_023569625.1.fasta
Checking
/work2/DELPHI_Server/Src/tmp/tmp-2020-06-14-10-20-02/ECO_raw/1//XP_023617359.1.fasta
Checking
/work2/DELPHI_Server/Src/tmp/tmp-2020-06-14-10-20-02/ECO_raw/1//XP_025213818.1.fasta
Checking
/work2/DELPHI_Server/Src/tmp/tmp-2020-06-14-10-20-02/ECO_raw/1//XP_025286581.1.fasta
Checking
/work2/DELPHI_Server/Src/tmp/tmp-2020-06-14-10-20-02/ECO_raw/1//XP_026904539.1.fasta
Checking
/work2/DELPHI_Server/Src/tmp/tmp-2020-06-14-10-20-02/ECO_raw/1//XP_026950820.1.fasta
Checking
/work2/DELPHI_Server/Src/tmp/tmp-2020-06-14-10-20-02/ECO_raw/1//XP_027248854.1.fasta
Checking
/work2/DELPHI_Server/Src/tmp/tmp-2020-06-14-10-20-02/ECO_raw/1//XP_027467932.1.fasta
Checking
/work2/DELPHI_Server/Src/tmp/tmp-2020-06-14-10-20-02/ECO_raw/1//XP_029083428.1.fasta
Checking
/work2/DELPHI_Server/Src/tmp/tmp-2020-06-14-10-20-02/ECO_raw/1//XP_029791807.1.fasta
Checking
/work2/DELPHI_Server/Src/tmp/tmp-2020-06-14-10-20-02/ECO_raw/1//XP_030158645.1.fasta
Checking
/work2/DELPHI_Server/Src/tmp/tmp-2020-06-14-10-20-02/ECO_raw/1//XP_030697744.1.fasta
Checking
/work2/DELPHI_Server/Src/tmp/tmp-2020-06-14-10-20-02/ECO_raw/1//XP_030792357.1.fasta
Checking
/work2/DELPHI_Server/Src/tmp/tmp-2020-06-14-10-20-02/ECO_raw/1//XP_030887546.1.fasta
Checking
/work2/DELPHI_Server/Src/tmp/tmp-2020-06-14-10-20-02/ECO_raw/1//XP_031231904.1.fasta
Checking
/work2/DELPHI_Server/Src/tmp/tmp-2020-06-14-10-20-02/ECO_raw/1//XP_031509772.1.fasta
Checking
/work2/DELPHI_Server/Src/tmp/tmp-2020-06-14-10-20-02/ECO_raw/1//XP_032010000.1.fasta
Checking
/work2/DELPHI_Server/Src/tmp/tmp-2020-06-14-10-20-02/ECO_raw/1//XP_032116571.1.fasta
Checking
/work2/DELPHI_Server/Src/tmp/tmp-2020-06-14-10-20-02/ECO_raw/1//XP_032174014.1.fasta
Checking
/work2/DELPHI_Server/Src/tmp/tmp-2020-06-14-10-20-02/ECO_raw/1//XP_032319894.1.fasta
Checking
/work2/DELPHI_Server/Src/tmp/tmp-2020-06-14-10-20-02/ECO_raw/1//XP_032465356.1.fasta
Checking
/work2/DELPHI_Server/Src/tmp/tmp-2020-06-14-10-20-02/ECO_raw/1//XP_032701024.1.fasta
Checking
/work2/DELPHI_Server/Src/tmp/tmp-2020-06-14-10-20-02/ECO_raw/1//XP_032949099.1.fasta
Checking
/work2/DELPHI_Server/Src/tmp/tmp-2020-06-14-10-20-02/ECO_raw/1//XP_033056541.1.fasta
Checking
/work2/DELPHI_Server/Src/tmp/tmp-2020-06-14-10-20-02/ECO_raw/1//XP_033712927.1.fasta
Checking
/work2/DELPHI_Server/Src/tmp/tmp-2020-06-14-10-20-02/ECO_raw/1//XP_034356829.1.fasta
Checking
/work2/DELPHI_Server/Src/tmp/tmp-2020-06-14-10-20-02/ECO_raw/1//XP_034523304.1.fasta
Checking
cleanPSSM_program
running cleanPSSM.sh
running cleanPSSM.sh
running cleanPSSM.sh
running cleanPSSM.sh
running cleanPSSM.sh
running cleanPSSM.sh
running cleanPSSM.sh
running cleanPSSM.sh
running cleanPSSM.sh
running cleanPSSM.sh
running cleanPSSM.sh
running cleanPSSM.sh
running cleanPSSM.sh
running cleanPSSM.sh
running cleanPSSM.sh
running cleanPSSM.sh
running cleanPSSM.sh
running cleanPSSM.sh
running cleanPSSM.sh
running cleanPSSM.sh
running cleanPSSM.sh
running cleanPSSM.sh
running cleanPSSM.sh
running cleanPSSM.sh
running cleanPSSM.sh
running cleanPSSM.sh
running cleanPSSM.sh
running cleanPSSM.sh
running cleanPSSM.sh
running cleanPSSM.sh
running cleanPSSM.sh
running cleanPSSM.sh
running cleanPSSM.sh
running cleanPSSM.sh
running cleanPSSM.sh
running cleanPSSM.sh
running cleanPSSM.sh
running cleanPSSM.sh
running cleanPSSM.sh
running cleanPSSM.sh
running cleanPSSM.sh
running cleanPSSM.sh
running cleanPSSM.sh
running cleanPSSM.sh
running cleanPSSM.sh
running cleanPSSM.sh
running cleanPSSM.sh
running cleanPSSM.sh
running cleanPSSM.sh
running cleanPSSM.sh
running cleanPSSM.sh
running cleanPSSM.sh
running cleanPSSM.sh
running cleanPSSM.sh
running cleanPSSM.sh
running cleanPSSM.sh
running cleanPSSM.sh
running cleanPSSM.sh
running cleanPSSM.sh
running cleanPSSM.sh
running cleanPSSM.sh
running cleanPSSM.sh
running cleanPSSM.sh
running cleanPSSM.sh
running cleanPSSM.sh
running cleanPSSM.sh
compute_ECO_program
errLoc errorlogfile.txt fLoc /work2/DELPHI_Server/Src/tmp/tmp-2020-06-14-10-20-02/ECO.txt
listFiles ['XP_008982868.1.fasta', 'XP_032116571.1.fasta', 'XP_017365535.1.fasta', 'XP_012305214.1.fasta', 'XP_031509772.1.fasta', 'XP_017707973.1.fasta', 'XP_030792357.1.fasta', 'XP_011934136.1.fasta', 'XP_033056541.1.fasta', 'XP_008047986.1.fasta', 'XP_032010000.1.fasta', 'XP_023069863.1.fasta', 'XP_007457934.1.fasta', 'XP_005898811.1.fasta', 'XP_006052010.1.fasta', 'XP_025286581.1.fasta', 'XP_022276949.1.fasta', 'XP_032465356.1.fasta', 'XP_023409861.1.fasta', 'XP_034523304.1.fasta', 'XP_026950820.1.fasta', 'XP_003259529.2.fasta', 'XP_033712927.1.fasta', 'XP_007110396.1.fasta', 'XP_004284582.1.fasta', 'XP_023617359.1.fasta', 'XP_030697744.1.fasta', 'XP_012418763.1.fasta', 'XP_004480636.1.fasta', 'XP_027467932.1.fasta', 'XP_032319894.1.fasta', 'XP_016021673.1.fasta', 'XP_009432938.2.fasta', 'XP_032949099.1.fasta', 'XP_012886129.1.fasta', 'XP_022346709.1.fasta', 'XP_008694758.1.fasta', 'XP_030887546.1.fasta', 'XP_032174014.1.fasta', 'XP_004778530.1.fasta', 'XP_026904539.1.fasta', 'XP_023102973.1.fasta', 'XP_008262513.1.fasta', 'XP_011783850.1.fasta', 'XP_032701024.1.fasta', 'XP_030158645.1.fasta', 'XP_029791807.1.fasta', 'XP_027248854.1.fasta', 'XP_005411762.1.fasta', 'XP_031231904.1.fasta', 'XP_029083428.1.fasta', 'XP_022415439.1.fasta', 'XP_034356829.1.fasta', 'XP_021014583.1.fasta', 'XP_025213818.1.fasta', 'XP_021517519.1.fasta', 'XP_021052433.1.fasta', 'XP_023569625.1.fasta', 'XP_021088736.1.fasta', 'XP_006501617.1.fasta', 'XP_013014485.1.fasta', 'NP_001154913.1.fasta', 'XP_011848214.1.fasta', 'XP_011768187.1.fasta', 'XP_007974887.1.fasta', 'XP_005541458.1.fasta']
filename XP_008982868.1.fasta
Count  1
filename XP_032116571.1.fasta
Count  2
filename XP_017365535.1.fasta
Count  3
filename XP_012305214.1.fasta
Count  4
filename XP_031509772.1.fasta
Count  5
filename XP_017707973.1.fasta
Count  6
filename XP_030792357.1.fasta
Count  7
filename XP_011934136.1.fasta
Count  8
filename XP_033056541.1.fasta
Count  9
filename XP_008047986.1.fasta
Count  10
filename XP_032010000.1.fasta
Count  11
filename XP_023069863.1.fasta
Count  12
filename XP_007457934.1.fasta
Count  13
filename XP_005898811.1.fasta
Count  14
filename XP_006052010.1.fasta
Count  15
filename XP_025286581.1.fasta
Count  16
filename XP_022276949.1.fasta
Count  17
filename XP_032465356.1.fasta
Count  18
filename XP_023409861.1.fasta
Count  19
filename XP_034523304.1.fasta
Count  20
filename XP_026950820.1.fasta
Count  21
filename XP_003259529.2.fasta
Count  22
filename XP_033712927.1.fasta
Count  23
filename XP_007110396.1.fasta
Count  24
filename XP_004284582.1.fasta
Count  25
filename XP_023617359.1.fasta
Count  26
filename XP_030697744.1.fasta
Count  27
filename XP_012418763.1.fasta
Count  28
filename XP_004480636.1.fasta
Count  29
filename XP_027467932.1.fasta
Count  30
filename XP_032319894.1.fasta
Count  31
filename XP_016021673.1.fasta
Count  32
filename XP_009432938.2.fasta
Count  33
filename XP_032949099.1.fasta
Count  34
filename XP_012886129.1.fasta
Count  35
filename XP_022346709.1.fasta
Count  36
filename XP_008694758.1.fasta
Count  37
filename XP_030887546.1.fasta
Count  38
filename XP_032174014.1.fasta
Count  39
filename XP_004778530.1.fasta
Count  40
filename XP_026904539.1.fasta
Count  41
filename XP_023102973.1.fasta
Count  42
filename XP_008262513.1.fasta
Count  43
filename XP_011783850.1.fasta
Count  44
filename XP_032701024.1.fasta
Count  45
filename XP_030158645.1.fasta
Count  46
filename XP_029791807.1.fasta
Count  47
filename XP_027248854.1.fasta
Count  48
filename XP_005411762.1.fasta
Count  49
filename XP_031231904.1.fasta
Count  50
filename XP_029083428.1.fasta
Count  51
filename XP_022415439.1.fasta
Count  52
filename XP_034356829.1.fasta
Count  53
filename XP_021014583.1.fasta
Count  54
filename XP_025213818.1.fasta
Count  55
filename XP_021517519.1.fasta
Count  56
filename XP_021052433.1.fasta
Count  57
filename XP_023569625.1.fasta
Count  58
filename XP_021088736.1.fasta
Count  59
filename XP_006501617.1.fasta
Count  60
filename XP_013014485.1.fasta
Count  61
filename NP_001154913.1.fasta
Count  62
filename XP_011848214.1.fasta
Count  63
filename XP_011768187.1.fasta
Count  64
filename XP_007974887.1.fasta
Count  65
filename XP_005541458.1.fasta
Count  66
computing RSA
computing RAA
computing HYD
computing PKA
computing POSITION
computing PHY_Char
computing PHY_Prop
computing Pro2Vec_1D
computing Anchor
computing HSP
-------------------------------------------------------------------
In order to run SPRINT-compute HSPs, type compute_HSPs and the following options: 
 -p <protein_file> (required)
 -h <hsp_output_file_name> (required)
 -Thit <an integer, the threshold Thit > (optional, default 15) 
 -Tsim <an integer, the threshold Tsim > (optional, default 35) 
 -M <an integer, Scoring matrix. 1: PAM120, 2: BLOSUM80, 3: BLOSUM62> (optional, default PAM120)
 -add <new_protein_file previous_HSP_file_name> (optional, if new protein sequences are added and only HSPs in those sequences will be computed. New HSPs will be appended to previous_HSP_file. hsp_output_file_name will be ignored)
-------------------------------------------------------------------
PROTEIN_FN: /work2/DELPHI_Server/Src/feature_computation/HSP/SPRING_DB_14836_Pid_and_Pseq.txt
HSP_FN: ignore_hsp.txt
Thit: 15
Tsim: 35
Scoring matrix: PAM120
{ 0, 7, 14, 15, 16, 3, 6, 19, 20, 2, 5, 9, 11, 12, 1, 4, 8, 10, 13, 18, 17, },
{ 1, 11, 5, 8, 17, 2, 12, 14, 15, 9, 16, 20, 0, 3, 6, 19, 4, 7, 10, 13, 18, },
{ 2, 20, 3, 8, 6, 11, 15, 5, 7, 16, 0, 1, 9, 14, 18, 12, 19, 10, 13, 17, 4, },
{ 3, 20, 6, 2, 5, 0, 7, 8, 15, 11, 16, 1, 9, 14, 19, 12, 10, 18, 4, 13, 17, },
{ 4, 15, 18, 0, 9, 16, 19, 1, 7, 8, 14, 2, 12, 13, 20, 3, 5, 6, 10, 11, 17, },
{ 5, 8, 6, 1, 3, 2, 11, 14, 20, 0, 12, 10, 15, 16, 7, 9, 19, 18, 13, 17, 4, },
{ 6, 3, 20, 5, 2, 0, 7, 8, 11, 15, 14, 16, 1, 9, 12, 19, 10, 18, 4, 13, 17, },
{ 7, 0, 15, 2, 3, 20, 6, 16, 14, 19, 5, 11, 1, 4, 8, 9, 12, 10, 13, 18, 17, },
{ 8, 5, 2, 1, 20, 3, 6, 14, 18, 11, 15, 0, 10, 13, 16, 17, 19, 4, 7, 9, 12, },
{ 9, 19, 10, 12, 13, 16, 0, 1, 2, 15, 18, 3, 4, 5, 6, 11, 14, 20, 7, 8, 17, },
{ 10, 12, 9, 19, 13, 5, 18, 0, 8, 14, 16, 17, 1, 2, 6, 11, 15, 20, 3, 7, 4, },
{ 11, 1, 2, 5, 12, 20, 3, 6, 15, 16, 0, 8, 14, 7, 9, 10, 19, 17, 18, 4, 13, },
{ 12, 10, 9, 19, 11, 1, 5, 13, 16, 0, 15, 2, 6, 14, 3, 7, 8, 18, 20, 4, 17, },
{ 13, 18, 9, 10, 12, 17, 8, 15, 19, 0, 2, 16, 1, 7, 14, 20, 4, 5, 3, 6, 11, },
{ 14, 0, 15, 5, 1, 8, 16, 2, 6, 7, 11, 19, 20, 3, 9, 10, 12, 4, 13, 18, 17, },
{ 15, 16, 0, 2, 7, 14, 3, 4, 20, 1, 6, 11, 5, 8, 9, 12, 17, 19, 13, 18, 10, },
{ 16, 15, 0, 2, 9, 19, 20, 3, 7, 11, 12, 14, 1, 5, 6, 4, 8, 10, 18, 13, 17, },
{ 17, 1, 13, 15, 18, 8, 10, 2, 11, 5, 9, 12, 16, 20, 0, 14, 3, 4, 6, 7, 19, },
{ 18, 13, 4, 8, 2, 9, 10, 17, 15, 16, 19, 20, 0, 12, 1, 3, 5, 6, 11, 7, 14, },
{ 19, 9, 10, 12, 0, 16, 7, 14, 15, 1, 2, 3, 4, 5, 6, 8, 13, 18, 20, 11, 17, },
{ 3, 20, 2, 6, 8, 0, 5, 7, 11, 15, 16, 1, 14, 9, 18, 19, 10, 12, 13, 4, 17, },
-----------compute_hsps starts--------
reading added protein sequences from: /work2/DELPHI_Server/Src/tmp/tmp-2020-06-14-10-20-02/input.fasta
Number of Proteins: 14902
-------initialize the hash tables-----
[warning]: RAA_dict can't find  X . Returning 0
 GEneral Neural Network (predict), V2.2 2011 (c) -h for help
 Eshel Faraggi, efaraggi@gmail.com
 You Must Obtain a License From Above Address to Use GENN
 Weights file: /work2/DELPHI_Server/programs/GENN+ASAquick/ASAquick/ASAq.wei/ASAquick.gl1.wei
     INS/OUTS:        blosnorm        physpar              /     asa2minmax
    MAIN:      0.3979
    MAIN:      0.4300
    MAIN:      0.3984
    MAIN:      0.3932
    MAIN:      0.4110
Relative ASA (rasa) prediction in asaq.NP_001154913.1.fasta/rasaq.pred, last colums is STDEV
ASA prediction in asaq.NP_001154913.1.fasta/asaq.pred, last colums is error estimate in percent
 GEneral Neural Network (predict), V2.2 2011 (c) -h for help
 Eshel Faraggi, efaraggi@gmail.com
 You Must Obtain a License From Above Address to Use GENN
 Weights file: /work2/DELPHI_Server/programs/GENN+ASAquick/ASAquick/ASAq.wei/ASAquick.gl1.wei
     INS/OUTS:        blosnorm        physpar              /     asa2minmax
    MAIN:      0.4025
    MAIN:      0.4287
    MAIN:      0.4029
    MAIN:      0.3994
    MAIN:      0.4136
Relative ASA (rasa) prediction in asaq.XP_003259529.2.fasta/rasaq.pred, last colums is STDEV
ASA prediction in asaq.XP_003259529.2.fasta/asaq.pred, last colums is error estimate in percent
 GEneral Neural Network (predict), V2.2 2011 (c) -h for help
 Eshel Faraggi, efaraggi@gmail.com
 You Must Obtain a License From Above Address to Use GENN
 Weights file: /work2/DELPHI_Server/programs/GENN+ASAquick/ASAquick/ASAq.wei/ASAquick.gl1.wei
     INS/OUTS:        blosnorm        physpar              /     asa2minmax
    MAIN:      0.4241
    MAIN:      0.4628
    MAIN:      0.4215
    MAIN:      0.4213
    MAIN:      0.4159
Relative ASA (rasa) prediction in asaq.XP_004284582.1.fasta/rasaq.pred, last colums is STDEV
ASA prediction in asaq.XP_004284582.1.fasta/asaq.pred, last colums is error estimate in percent
 GEneral Neural Network (predict), V2.2 2011 (c) -h for help
 Eshel Faraggi, efaraggi@gmail.com
 You Must Obtain a License From Above Address to Use GENN
 Weights file: /work2/DELPHI_Server/programs/GENN+ASAquick/ASAquick/ASAq.wei/ASAquick.gl1.wei
     INS/OUTS:        blosnorm        physpar              /     asa2minmax
    MAIN:      0.4148
    MAIN:      0.4474
    MAIN:      0.4295
    MAIN:      0.4079
    MAIN:      0.4008
Relative ASA (rasa) prediction in asaq.XP_004480636.1.fasta/rasaq.pred, last colums is STDEV
ASA prediction in asaq.XP_004480636.1.fasta/asaq.pred, last colums is error estimate in percent
 GEneral Neural Network (predict), V2.2 2011 (c) -h for help
 Eshel Faraggi, efaraggi@gmail.com
 You Must Obtain a License From Above Address to Use GENN
 Weights file: /work2/DELPHI_Server/programs/GENN+ASAquick/ASAquick/ASAq.wei/ASAquick.gl1.wei
     INS/OUTS:        blosnorm        physpar              /     asa2minmax
    MAIN:      0.4220
    MAIN:      0.4531
    MAIN:      0.4257
    MAIN:      0.4335
    MAIN:      0.4191
Relative ASA (rasa) prediction in asaq.XP_004778530.1.fasta/rasaq.pred, last colums is STDEV
ASA prediction in asaq.XP_004778530.1.fasta/asaq.pred, last colums is error estimate in percent
 GEneral Neural Network (predict), V2.2 2011 (c) -h for help
 Eshel Faraggi, efaraggi@gmail.com
 You Must Obtain a License From Above Address to Use GENN
 Weights file: /work2/DELPHI_Server/programs/GENN+ASAquick/ASAquick/ASAq.wei/ASAquick.gl1.wei
     INS/OUTS:        blosnorm        physpar              /     asa2minmax
    MAIN:      0.4454
    MAIN:      0.4702
    MAIN:      0.4425
    MAIN:      0.4638
    MAIN:      0.4437
Relative ASA (rasa) prediction in asaq.XP_005411762.1.fasta/rasaq.pred, last colums is STDEV
ASA prediction in asaq.XP_005411762.1.fasta/asaq.pred, last colums is error estimate in percent
-----------Investigating the HSP table--------
-----------Investigating the first hashtalbe (total: 4)
 GEneral Neural Network (predict), V2.2 2011 (c) -h for help
 Eshel Faraggi, efaraggi@gmail.com
 You Must Obtain a License From Above Address to Use GENN
 Weights file: /work2/DELPHI_Server/programs/GENN+ASAquick/ASAquick/ASAq.wei/ASAquick.gl1.wei
     INS/OUTS:        blosnorm        physpar              /     asa2minmax
    MAIN:      0.4173
    MAIN:      0.4459
    MAIN:      0.4045
    MAIN:      0.3981
    MAIN:      0.4195
Relative ASA (rasa) prediction in asaq.XP_005541458.1.fasta/rasaq.pred, last colums is STDEV
ASA prediction in asaq.XP_005541458.1.fasta/asaq.pred, last colums is error estimate in percent
 GEneral Neural Network (predict), V2.2 2011 (c) -h for help
 Eshel Faraggi, efaraggi@gmail.com
 You Must Obtain a License From Above Address to Use GENN
 Weights file: /work2/DELPHI_Server/programs/GENN+ASAquick/ASAquick/ASAq.wei/ASAquick.gl1.wei
     INS/OUTS:        blosnorm        physpar              /     asa2minmax
    MAIN:      0.3792
    MAIN:      0.4405
    MAIN:      0.4201
    MAIN:      0.3938
    MAIN:      0.4101
Relative ASA (rasa) prediction in asaq.XP_005898811.1.fasta/rasaq.pred, last colums is STDEV
ASA prediction in asaq.XP_005898811.1.fasta/asaq.pred, last colums is error estimate in percent
 GEneral Neural Network (predict), V2.2 2011 (c) -h for help
 Eshel Faraggi, efaraggi@gmail.com
 You Must Obtain a License From Above Address to Use GENN
 Weights file: /work2/DELPHI_Server/programs/GENN+ASAquick/ASAquick/ASAq.wei/ASAquick.gl1.wei
     INS/OUTS:        blosnorm        physpar              /     asa2minmax
    MAIN:      0.3754
    MAIN:      0.4420
    MAIN:      0.4086
    MAIN:      0.3898
    MAIN:      0.3978
Relative ASA (rasa) prediction in asaq.XP_006052010.1.fasta/rasaq.pred, last colums is STDEV
ASA prediction in asaq.XP_006052010.1.fasta/asaq.pred, last colums is error estimate in percent
 GEneral Neural Network (predict), V2.2 2011 (c) -h for help
 Eshel Faraggi, efaraggi@gmail.com
 You Must Obtain a License From Above Address to Use GENN
 Weights file: /work2/DELPHI_Server/programs/GENN+ASAquick/ASAquick/ASAq.wei/ASAquick.gl1.wei
     INS/OUTS:        blosnorm        physpar              /     asa2minmax
    MAIN:      0.3645
    MAIN:      0.4044
    MAIN:      0.4006
    MAIN:      0.3893
    MAIN:      0.4051
Relative ASA (rasa) prediction in asaq.XP_006501617.1.fasta/rasaq.pred, last colums is STDEV
ASA prediction in asaq.XP_006501617.1.fasta/asaq.pred, last colums is error estimate in percent
 GEneral Neural Network (predict), V2.2 2011 (c) -h for help
 Eshel Faraggi, efaraggi@gmail.com
 You Must Obtain a License From Above Address to Use GENN
 Weights file: /work2/DELPHI_Server/programs/GENN+ASAquick/ASAquick/ASAq.wei/ASAquick.gl1.wei
     INS/OUTS:        blosnorm        physpar              /     asa2minmax
    MAIN:      0.4260
    MAIN:      0.4692
    MAIN:      0.4235
    MAIN:      0.4269
    MAIN:      0.4211
Relative ASA (rasa) prediction in asaq.XP_007110396.1.fasta/rasaq.pred, last colums is STDEV
ASA prediction in asaq.XP_007110396.1.fasta/asaq.pred, last colums is error estimate in percent
 GEneral Neural Network (predict), V2.2 2011 (c) -h for help
 Eshel Faraggi, efaraggi@gmail.com
 You Must Obtain a License From Above Address to Use GENN
 Weights file: /work2/DELPHI_Server/programs/GENN+ASAquick/ASAquick/ASAq.wei/ASAquick.gl1.wei
     INS/OUTS:        blosnorm        physpar              /     asa2minmax
    MAIN:      0.4099
    MAIN:      0.4633
    MAIN:      0.4221
    MAIN:      0.4200
    MAIN:      0.4240
Relative ASA (rasa) prediction in asaq.XP_007457934.1.fasta/rasaq.pred, last colums is STDEV
ASA prediction in asaq.XP_007457934.1.fasta/asaq.pred, last colums is error estimate in percent
 GEneral Neural Network (predict), V2.2 2011 (c) -h for help
 Eshel Faraggi, efaraggi@gmail.com
 You Must Obtain a License From Above Address to Use GENN
 Weights file: /work2/DELPHI_Server/programs/GENN+ASAquick/ASAquick/ASAq.wei/ASAquick.gl1.wei
     INS/OUTS:        blosnorm        physpar              /     asa2minmax
    MAIN:      0.3998
    MAIN:      0.4317
    MAIN:      0.3892
    MAIN:      0.3917
    MAIN:      0.4089
Relative ASA (rasa) prediction in asaq.XP_007974887.1.fasta/rasaq.pred, last colums is STDEV
ASA prediction in asaq.XP_007974887.1.fasta/asaq.pred, last colums is error estimate in percent
 GEneral Neural Network (predict), V2.2 2011 (c) -h for help
 Eshel Faraggi, efaraggi@gmail.com
 You Must Obtain a License From Above Address to Use GENN
 Weights file: /work2/DELPHI_Server/programs/GENN+ASAquick/ASAquick/ASAq.wei/ASAquick.gl1.wei
     INS/OUTS:        blosnorm        physpar              /     asa2minmax
    MAIN:      0.3883
    MAIN:      0.4586
    MAIN:      0.4191
    MAIN:      0.4125
    MAIN:      0.4091
Relative ASA (rasa) prediction in asaq.XP_008047986.1.fasta/rasaq.pred, last colums is STDEV
ASA prediction in asaq.XP_008047986.1.fasta/asaq.pred, last colums is error estimate in percent
 GEneral Neural Network (predict), V2.2 2011 (c) -h for help
 Eshel Faraggi, efaraggi@gmail.com
 You Must Obtain a License From Above Address to Use GENN
 Weights file: /work2/DELPHI_Server/programs/GENN+ASAquick/ASAquick/ASAq.wei/ASAquick.gl1.wei
     INS/OUTS:        blosnorm        physpar              /     asa2minmax
    MAIN:      0.4222
    MAIN:      0.4572
    MAIN:      0.4013
    MAIN:      0.4119
    MAIN:      0.3943
Relative ASA (rasa) prediction in asaq.XP_008262513.1.fasta/rasaq.pred, last colums is STDEV
ASA prediction in asaq.XP_008262513.1.fasta/asaq.pred, last colums is error estimate in percent
 GEneral Neural Network (predict), V2.2 2011 (c) -h for help
 Eshel Faraggi, efaraggi@gmail.com
 You Must Obtain a License From Above Address to Use GENN
 Weights file: /work2/DELPHI_Server/programs/GENN+ASAquick/ASAquick/ASAq.wei/ASAquick.gl1.wei
     INS/OUTS:        blosnorm        physpar              /     asa2minmax
    MAIN:      0.3934
    MAIN:      0.4341
    MAIN:      0.4277
    MAIN:      0.4394
    MAIN:      0.4198
Relative ASA (rasa) prediction in asaq.XP_008694758.1.fasta/rasaq.pred, last colums is STDEV
ASA prediction in asaq.XP_008694758.1.fasta/asaq.pred, last colums is error estimate in percent
 GEneral Neural Network (predict), V2.2 2011 (c) -h for help
 Eshel Faraggi, efaraggi@gmail.com
 You Must Obtain a License From Above Address to Use GENN
 Weights file: /work2/DELPHI_Server/programs/GENN+ASAquick/ASAquick/ASAq.wei/ASAquick.gl1.wei
     INS/OUTS:        blosnorm        physpar              /     asa2minmax
    MAIN:      0.3908
    MAIN:      0.4379
    MAIN:      0.4059
    MAIN:      0.3887
    MAIN:      0.4037
Relative ASA (rasa) prediction in asaq.XP_008982868.1.fasta/rasaq.pred, last colums is STDEV
ASA prediction in asaq.XP_008982868.1.fasta/asaq.pred, last colums is error estimate in percent
 GEneral Neural Network (predict), V2.2 2011 (c) -h for help
 Eshel Faraggi, efaraggi@gmail.com
 You Must Obtain a License From Above Address to Use GENN
 Weights file: /work2/DELPHI_Server/programs/GENN+ASAquick/ASAquick/ASAq.wei/ASAquick.gl1.wei
     INS/OUTS:        blosnorm        physpar              /     asa2minmax
    MAIN:      0.3944
    MAIN:      0.4193
    MAIN:      0.3875
    MAIN:      0.3739
    MAIN:      0.3928
Relative ASA (rasa) prediction in asaq.XP_009432938.2.fasta/rasaq.pred, last colums is STDEV
ASA prediction in asaq.XP_009432938.2.fasta/asaq.pred, last colums is error estimate in percent
 GEneral Neural Network (predict), V2.2 2011 (c) -h for help
 Eshel Faraggi, efaraggi@gmail.com
 You Must Obtain a License From Above Address to Use GENN
 Weights file: /work2/DELPHI_Server/programs/GENN+ASAquick/ASAquick/ASAq.wei/ASAquick.gl1.wei
     INS/OUTS:        blosnorm        physpar              /     asa2minmax
    MAIN:      0.4160
    MAIN:      0.4404
    MAIN:      0.4056
    MAIN:      0.4016
    MAIN:      0.4186
Relative ASA (rasa) prediction in asaq.XP_011768187.1.fasta/rasaq.pred, last colums is STDEV
ASA prediction in asaq.XP_011768187.1.fasta/asaq.pred, last colums is error estimate in percent
 GEneral Neural Network (predict), V2.2 2011 (c) -h for help
 Eshel Faraggi, efaraggi@gmail.com
 You Must Obtain a License From Above Address to Use GENN
 Weights file: /work2/DELPHI_Server/programs/GENN+ASAquick/ASAquick/ASAq.wei/ASAquick.gl1.wei
     INS/OUTS:        blosnorm        physpar              /     asa2minmax
    MAIN:      0.4221
    MAIN:      0.4494
    MAIN:      0.4133
    MAIN:      0.4196
    MAIN:      0.4255
Relative ASA (rasa) prediction in asaq.XP_011783850.1.fasta/rasaq.pred, last colums is STDEV
ASA prediction in asaq.XP_011783850.1.fasta/asaq.pred, last colums is error estimate in percent
 GEneral Neural Network (predict), V2.2 2011 (c) -h for help
 Eshel Faraggi, efaraggi@gmail.com
 You Must Obtain a License From Above Address to Use GENN
 Weights file: /work2/DELPHI_Server/programs/GENN+ASAquick/ASAquick/ASAq.wei/ASAquick.gl1.wei
     INS/OUTS:        blosnorm        physpar              /     asa2minmax
    MAIN:      0.4138
    MAIN:      0.4399
    MAIN:      0.4025
    MAIN:      0.4055
    MAIN:      0.4236
Relative ASA (rasa) prediction in asaq.XP_011848214.1.fasta/rasaq.pred, last colums is STDEV
ASA prediction in asaq.XP_011848214.1.fasta/asaq.pred, last colums is error estimate in percent
 GEneral Neural Network (predict), V2.2 2011 (c) -h for help
 Eshel Faraggi, efaraggi@gmail.com
 You Must Obtain a License From Above Address to Use GENN
 Weights file: /work2/DELPHI_Server/programs/GENN+ASAquick/ASAquick/ASAq.wei/ASAquick.gl1.wei
     INS/OUTS:        blosnorm        physpar              /     asa2minmax
    MAIN:      0.3935
    MAIN:      0.4137
    MAIN:      0.3843
    MAIN:      0.3627
    MAIN:      0.3875
Relative ASA (rasa) prediction in asaq.XP_011934136.1.fasta/rasaq.pred, last colums is STDEV
ASA prediction in asaq.XP_011934136.1.fasta/asaq.pred, last colums is error estimate in percent
 GEneral Neural Network (predict), V2.2 2011 (c) -h for help
 Eshel Faraggi, efaraggi@gmail.com
 You Must Obtain a License From Above Address to Use GENN
 Weights file: /work2/DELPHI_Server/programs/GENN+ASAquick/ASAquick/ASAq.wei/ASAquick.gl1.wei
     INS/OUTS:        blosnorm        physpar              /     asa2minmax
    MAIN:      0.3989
    MAIN:      0.4353
    MAIN:      0.4014
    MAIN:      0.3939
    MAIN:      0.3946
Relative ASA (rasa) prediction in asaq.XP_012305214.1.fasta/rasaq.pred, last colums is STDEV
ASA prediction in asaq.XP_012305214.1.fasta/asaq.pred, last colums is error estimate in percent
 GEneral Neural Network (predict), V2.2 2011 (c) -h for help
 Eshel Faraggi, efaraggi@gmail.com
 You Must Obtain a License From Above Address to Use GENN
 Weights file: /work2/DELPHI_Server/programs/GENN+ASAquick/ASAquick/ASAq.wei/ASAquick.gl1.wei
     INS/OUTS:        blosnorm        physpar              /     asa2minmax
    MAIN:      0.3999
    MAIN:      0.4347
    MAIN:      0.4019
    MAIN:      0.4141
    MAIN:      0.3968
Relative ASA (rasa) prediction in asaq.XP_012418763.1.fasta/rasaq.pred, last colums is STDEV
ASA prediction in asaq.XP_012418763.1.fasta/asaq.pred, last colums is error estimate in percent
 GEneral Neural Network (predict), V2.2 2011 (c) -h for help
 Eshel Faraggi, efaraggi@gmail.com
 You Must Obtain a License From Above Address to Use GENN
 Weights file: /work2/DELPHI_Server/programs/GENN+ASAquick/ASAquick/ASAq.wei/ASAquick.gl1.wei
     INS/OUTS:        blosnorm        physpar              /     asa2minmax
    MAIN:      0.4153
    MAIN:      0.4547
    MAIN:      0.4174
    MAIN:      0.4270
    MAIN:      0.4254
Relative ASA (rasa) prediction in asaq.XP_012886129.1.fasta/rasaq.pred, last colums is STDEV
ASA prediction in asaq.XP_012886129.1.fasta/asaq.pred, last colums is error estimate in percent
 GEneral Neural Network (predict), V2.2 2011 (c) -h for help
 Eshel Faraggi, efaraggi@gmail.com
 You Must Obtain a License From Above Address to Use GENN
 Weights file: /work2/DELPHI_Server/programs/GENN+ASAquick/ASAquick/ASAq.wei/ASAquick.gl1.wei
     INS/OUTS:        blosnorm        physpar              /     asa2minmax
    MAIN:      0.3981
    MAIN:      0.4331
    MAIN:      0.4350
    MAIN:      0.4106
    MAIN:      0.4000
Relative ASA (rasa) prediction in asaq.XP_013014485.1.fasta/rasaq.pred, last colums is STDEV
ASA prediction in asaq.XP_013014485.1.fasta/asaq.pred, last colums is error estimate in percent
 GEneral Neural Network (predict), V2.2 2011 (c) -h for help
 Eshel Faraggi, efaraggi@gmail.com
 You Must Obtain a License From Above Address to Use GENN
 Weights file: /work2/DELPHI_Server/programs/GENN+ASAquick/ASAquick/ASAq.wei/ASAquick.gl1.wei
     INS/OUTS:        blosnorm        physpar              /     asa2minmax
    MAIN:      0.4408
    MAIN:      0.4840
    MAIN:      0.4370
    MAIN:      0.4338
    MAIN:      0.4320
Relative ASA (rasa) prediction in asaq.XP_016021673.1.fasta/rasaq.pred, last colums is STDEV
ASA prediction in asaq.XP_016021673.1.fasta/asaq.pred, last colums is error estimate in percent
 GEneral Neural Network (predict), V2.2 2011 (c) -h for help
 Eshel Faraggi, efaraggi@gmail.com
 You Must Obtain a License From Above Address to Use GENN
 Weights file: /work2/DELPHI_Server/programs/GENN+ASAquick/ASAquick/ASAq.wei/ASAquick.gl1.wei
     INS/OUTS:        blosnorm        physpar              /     asa2minmax
    MAIN:      0.3891
    MAIN:      0.4355
    MAIN:      0.4079
    MAIN:      0.3978
    MAIN:      0.4078
Relative ASA (rasa) prediction in asaq.XP_017365535.1.fasta/rasaq.pred, last colums is STDEV
ASA prediction in asaq.XP_017365535.1.fasta/asaq.pred, last colums is error estimate in percent
 GEneral Neural Network (predict), V2.2 2011 (c) -h for help
 Eshel Faraggi, efaraggi@gmail.com
 You Must Obtain a License From Above Address to Use GENN
 Weights file: /work2/DELPHI_Server/programs/GENN+ASAquick/ASAquick/ASAq.wei/ASAquick.gl1.wei
     INS/OUTS:        blosnorm        physpar              /     asa2minmax
    MAIN:      0.3970
    MAIN:      0.4240
    MAIN:      0.4029
    MAIN:      0.4076
    MAIN:      0.4247
Relative ASA (rasa) prediction in asaq.XP_017707973.1.fasta/rasaq.pred, last colums is STDEV
ASA prediction in asaq.XP_017707973.1.fasta/asaq.pred, last colums is error estimate in percent
 GEneral Neural Network (predict), V2.2 2011 (c) -h for help
 Eshel Faraggi, efaraggi@gmail.com
 You Must Obtain a License From Above Address to Use GENN
 Weights file: /work2/DELPHI_Server/programs/GENN+ASAquick/ASAquick/ASAq.wei/ASAquick.gl1.wei
     INS/OUTS:        blosnorm        physpar              /     asa2minmax
    MAIN:      0.3748
    MAIN:      0.4146
    MAIN:      0.4034
    MAIN:      0.3910
    MAIN:      0.3963
Relative ASA (rasa) prediction in asaq.XP_021014583.1.fasta/rasaq.pred, last colums is STDEV
ASA prediction in asaq.XP_021014583.1.fasta/asaq.pred, last colums is error estimate in percent
 GEneral Neural Network (predict), V2.2 2011 (c) -h for help
 Eshel Faraggi, efaraggi@gmail.com
 You Must Obtain a License From Above Address to Use GENN
 Weights file: /work2/DELPHI_Server/programs/GENN+ASAquick/ASAquick/ASAq.wei/ASAquick.gl1.wei
     INS/OUTS:        blosnorm        physpar              /     asa2minmax
    MAIN:      0.3522
    MAIN:      0.3933
    MAIN:      0.3928
    MAIN:      0.3731
    MAIN:      0.3768
Relative ASA (rasa) prediction in asaq.XP_021052433.1.fasta/rasaq.pred, last colums is STDEV
ASA prediction in asaq.XP_021052433.1.fasta/asaq.pred, last colums is error estimate in percent
 GEneral Neural Network (predict), V2.2 2011 (c) -h for help
 Eshel Faraggi, efaraggi@gmail.com
 You Must Obtain a License From Above Address to Use GENN
 Weights file: /work2/DELPHI_Server/programs/GENN+ASAquick/ASAquick/ASAq.wei/ASAquick.gl1.wei
     INS/OUTS:        blosnorm        physpar              /     asa2minmax
    MAIN:      0.3879
    MAIN:      0.4084
    MAIN:      0.4085
    MAIN:      0.3760
    MAIN:      0.4051
Relative ASA (rasa) prediction in asaq.XP_021088736.1.fasta/rasaq.pred, last colums is STDEV
ASA prediction in asaq.XP_021088736.1.fasta/asaq.pred, last colums is error estimate in percent
 GEneral Neural Network (predict), V2.2 2011 (c) -h for help
 Eshel Faraggi, efaraggi@gmail.com
 You Must Obtain a License From Above Address to Use GENN
 Weights file: /work2/DELPHI_Server/programs/GENN+ASAquick/ASAquick/ASAq.wei/ASAquick.gl1.wei
     INS/OUTS:        blosnorm        physpar              /     asa2minmax
    MAIN:      0.3589
    MAIN:      0.3920
    MAIN:      0.4110
    MAIN:      0.3720
    MAIN:      0.4032
Relative ASA (rasa) prediction in asaq.XP_021517519.1.fasta/rasaq.pred, last colums is STDEV
ASA prediction in asaq.XP_021517519.1.fasta/asaq.pred, last colums is error estimate in percent
 GEneral Neural Network (predict), V2.2 2011 (c) -h for help
 Eshel Faraggi, efaraggi@gmail.com
 You Must Obtain a License From Above Address to Use GENN
 Weights file: /work2/DELPHI_Server/programs/GENN+ASAquick/ASAquick/ASAq.wei/ASAquick.gl1.wei
     INS/OUTS:        blosnorm        physpar              /     asa2minmax
    MAIN:      0.3864
    MAIN:      0.4301
    MAIN:      0.3994
    MAIN:      0.4031
    MAIN:      0.4073
Relative ASA (rasa) prediction in asaq.XP_022276949.1.fasta/rasaq.pred, last colums is STDEV
ASA prediction in asaq.XP_022276949.1.fasta/asaq.pred, last colums is error estimate in percent
 GEneral Neural Network (predict), V2.2 2011 (c) -h for help
 Eshel Faraggi, efaraggi@gmail.com
 You Must Obtain a License From Above Address to Use GENN
 Weights file: /work2/DELPHI_Server/programs/GENN+ASAquick/ASAquick/ASAq.wei/ASAquick.gl1.wei
     INS/OUTS:        blosnorm        physpar              /     asa2minmax
    MAIN:      0.4375
    MAIN:      0.4638
    MAIN:      0.4235
    MAIN:      0.4232
    MAIN:      0.4143
Relative ASA (rasa) prediction in asaq.XP_022346709.1.fasta/rasaq.pred, last colums is STDEV
ASA prediction in asaq.XP_022346709.1.fasta/asaq.pred, last colums is error estimate in percent
 GEneral Neural Network (predict), V2.2 2011 (c) -h for help
 Eshel Faraggi, efaraggi@gmail.com
 You Must Obtain a License From Above Address to Use GENN
 Weights file: /work2/DELPHI_Server/programs/GENN+ASAquick/ASAquick/ASAq.wei/ASAquick.gl1.wei
     INS/OUTS:        blosnorm        physpar              /     asa2minmax
    MAIN:      0.3968
    MAIN:      0.4451
    MAIN:      0.4100
    MAIN:      0.4080
    MAIN:      0.4102
Relative ASA (rasa) prediction in asaq.XP_022415439.1.fasta/rasaq.pred, last colums is STDEV
ASA prediction in asaq.XP_022415439.1.fasta/asaq.pred, last colums is error estimate in percent
 GEneral Neural Network (predict), V2.2 2011 (c) -h for help
 Eshel Faraggi, efaraggi@gmail.com
 You Must Obtain a License From Above Address to Use GENN
 Weights file: /work2/DELPHI_Server/programs/GENN+ASAquick/ASAquick/ASAq.wei/ASAquick.gl1.wei
     INS/OUTS:        blosnorm        physpar              /     asa2minmax
    MAIN:      0.4019
    MAIN:      0.4241
    MAIN:      0.3996
    MAIN:      0.4034
    MAIN:      0.4160
Relative ASA (rasa) prediction in asaq.XP_023069863.1.fasta/rasaq.pred, last colums is STDEV
ASA prediction in asaq.XP_023069863.1.fasta/asaq.pred, last colums is error estimate in percent
 GEneral Neural Network (predict), V2.2 2011 (c) -h for help
 Eshel Faraggi, efaraggi@gmail.com
 You Must Obtain a License From Above Address to Use GENN
 Weights file: /work2/DELPHI_Server/programs/GENN+ASAquick/ASAquick/ASAq.wei/ASAquick.gl1.wei
     INS/OUTS:        blosnorm        physpar              /     asa2minmax
    MAIN:      0.4355
    MAIN:      0.4609
    MAIN:      0.4221
    MAIN:      0.4231
    MAIN:      0.4102
Relative ASA (rasa) prediction in asaq.XP_023102973.1.fasta/rasaq.pred, last colums is STDEV
ASA prediction in asaq.XP_023102973.1.fasta/asaq.pred, last colums is error estimate in percent
 GEneral Neural Network (predict), V2.2 2011 (c) -h for help
 Eshel Faraggi, efaraggi@gmail.com
 You Must Obtain a License From Above Address to Use GENN
 Weights file: /work2/DELPHI_Server/programs/GENN+ASAquick/ASAquick/ASAq.wei/ASAquick.gl1.wei
     INS/OUTS:        blosnorm        physpar              /     asa2minmax
    MAIN:      0.3985
    MAIN:      0.4514
    MAIN:      0.4211
    MAIN:      0.4074
    MAIN:      0.4084
Relative ASA (rasa) prediction in asaq.XP_023409861.1.fasta/rasaq.pred, last colums is STDEV
ASA prediction in asaq.XP_023409861.1.fasta/asaq.pred, last colums is error estimate in percent
 GEneral Neural Network (predict), V2.2 2011 (c) -h for help
 Eshel Faraggi, efaraggi@gmail.com
 You Must Obtain a License From Above Address to Use GENN
 Weights file: /work2/DELPHI_Server/programs/GENN+ASAquick/ASAquick/ASAq.wei/ASAquick.gl1.wei
     INS/OUTS:        blosnorm        physpar              /     asa2minmax
    MAIN:      0.4035
    MAIN:      0.4552
    MAIN:      0.4187
    MAIN:      0.4210
    MAIN:      0.4092
Relative ASA (rasa) prediction in asaq.XP_023569625.1.fasta/rasaq.pred, last colums is STDEV
ASA prediction in asaq.XP_023569625.1.fasta/asaq.pred, last colums is error estimate in percent
 GEneral Neural Network (predict), V2.2 2011 (c) -h for help
 Eshel Faraggi, efaraggi@gmail.com
 You Must Obtain a License From Above Address to Use GENN
 Weights file: /work2/DELPHI_Server/programs/GENN+ASAquick/ASAquick/ASAq.wei/ASAquick.gl1.wei
     INS/OUTS:        blosnorm        physpar              /     asa2minmax
    MAIN:      0.4052
    MAIN:      0.4361
    MAIN:      0.4040
    MAIN:      0.3899
    MAIN:      0.4118
Relative ASA (rasa) prediction in asaq.XP_023617359.1.fasta/rasaq.pred, last colums is STDEV
ASA prediction in asaq.XP_023617359.1.fasta/asaq.pred, last colums is error estimate in percent
 GEneral Neural Network (predict), V2.2 2011 (c) -h for help
 Eshel Faraggi, efaraggi@gmail.com
 You Must Obtain a License From Above Address to Use GENN
 Weights file: /work2/DELPHI_Server/programs/GENN+ASAquick/ASAquick/ASAq.wei/ASAquick.gl1.wei
     INS/OUTS:        blosnorm        physpar              /     asa2minmax
    MAIN:      0.4098
    MAIN:      0.4429
    MAIN:      0.4042
    MAIN:      0.4079
    MAIN:      0.4201
Relative ASA (rasa) prediction in asaq.XP_025213818.1.fasta/rasaq.pred, last colums is STDEV
ASA prediction in asaq.XP_025213818.1.fasta/asaq.pred, last colums is error estimate in percent
 GEneral Neural Network (predict), V2.2 2011 (c) -h for help
 Eshel Faraggi, efaraggi@gmail.com
 You Must Obtain a License From Above Address to Use GENN
 Weights file: /work2/DELPHI_Server/programs/GENN+ASAquick/ASAquick/ASAq.wei/ASAquick.gl1.wei
     INS/OUTS:        blosnorm        physpar              /     asa2minmax
    MAIN:      0.3906
    MAIN:      0.4400
    MAIN:      0.4010
    MAIN:      0.4086
    MAIN:      0.4085
Relative ASA (rasa) prediction in asaq.XP_025286581.1.fasta/rasaq.pred, last colums is STDEV
ASA prediction in asaq.XP_025286581.1.fasta/asaq.pred, last colums is error estimate in percent
 GEneral Neural Network (predict), V2.2 2011 (c) -h for help
 Eshel Faraggi, efaraggi@gmail.com
 You Must Obtain a License From Above Address to Use GENN
 Weights file: /work2/DELPHI_Server/programs/GENN+ASAquick/ASAquick/ASAq.wei/ASAquick.gl1.wei
     INS/OUTS:        blosnorm        physpar              /     asa2minmax
    MAIN:      0.4261
    MAIN:      0.4477
    MAIN:      0.4197
    MAIN:      0.4164
    MAIN:      0.4044
Relative ASA (rasa) prediction in asaq.XP_026904539.1.fasta/rasaq.pred, last colums is STDEV
ASA prediction in asaq.XP_026904539.1.fasta/asaq.pred, last colums is error estimate in percent
 GEneral Neural Network (predict), V2.2 2011 (c) -h for help
 Eshel Faraggi, efaraggi@gmail.com
 You Must Obtain a License From Above Address to Use GENN
 Weights file: /work2/DELPHI_Server/programs/GENN+ASAquick/ASAquick/ASAq.wei/ASAquick.gl1.wei
     INS/OUTS:        blosnorm        physpar              /     asa2minmax
    MAIN:      0.4245
    MAIN:      0.4657
    MAIN:      0.4224
    MAIN:      0.4186
    MAIN:      0.4183
Relative ASA (rasa) prediction in asaq.XP_026950820.1.fasta/rasaq.pred, last colums is STDEV
ASA prediction in asaq.XP_026950820.1.fasta/asaq.pred, last colums is error estimate in percent
 GEneral Neural Network (predict), V2.2 2011 (c) -h for help
 Eshel Faraggi, efaraggi@gmail.com
 You Must Obtain a License From Above Address to Use GENN
 Weights file: /work2/DELPHI_Server/programs/GENN+ASAquick/ASAquick/ASAq.wei/ASAquick.gl1.wei
     INS/OUTS:        blosnorm        physpar              /     asa2minmax
    MAIN:      0.3773
    MAIN:      0.4098
    MAIN:      0.4221
    MAIN:      0.3756
    MAIN:      0.4068
Relative ASA (rasa) prediction in asaq.XP_027248854.1.fasta/rasaq.pred, last colums is STDEV
ASA prediction in asaq.XP_027248854.1.fasta/asaq.pred, last colums is error estimate in percent
 GEneral Neural Network (predict), V2.2 2011 (c) -h for help
 Eshel Faraggi, efaraggi@gmail.com
 You Must Obtain a License From Above Address to Use GENN
 Weights file: /work2/DELPHI_Server/programs/GENN+ASAquick/ASAquick/ASAq.wei/ASAquick.gl1.wei
     INS/OUTS:        blosnorm        physpar              /     asa2minmax
    MAIN:      0.3877
    MAIN:      0.4272
    MAIN:      0.4022
    MAIN:      0.4092
    MAIN:      0.3952
Relative ASA (rasa) prediction in asaq.XP_027467932.1.fasta/rasaq.pred, last colums is STDEV
ASA prediction in asaq.XP_027467932.1.fasta/asaq.pred, last colums is error estimate in percent
 GEneral Neural Network (predict), V2.2 2011 (c) -h for help
 Eshel Faraggi, efaraggi@gmail.com
 You Must Obtain a License From Above Address to Use GENN
 Weights file: /work2/DELPHI_Server/programs/GENN+ASAquick/ASAquick/ASAq.wei/ASAquick.gl1.wei
     INS/OUTS:        blosnorm        physpar              /     asa2minmax
    MAIN:      0.4343
    MAIN:      0.4804
    MAIN:      0.4342
    MAIN:      0.4067
    MAIN:      0.4278
Relative ASA (rasa) prediction in asaq.XP_029083428.1.fasta/rasaq.pred, last colums is STDEV
ASA prediction in asaq.XP_029083428.1.fasta/asaq.pred, last colums is error estimate in percent
 GEneral Neural Network (predict), V2.2 2011 (c) -h for help
 Eshel Faraggi, efaraggi@gmail.com
 You Must Obtain a License From Above Address to Use GENN
 Weights file: /work2/DELPHI_Server/programs/GENN+ASAquick/ASAquick/ASAq.wei/ASAquick.gl1.wei
     INS/OUTS:        blosnorm        physpar              /     asa2minmax
    MAIN:      0.4097
    MAIN:      0.4505
    MAIN:      0.4267
    MAIN:      0.4337
    MAIN:      0.4211
Relative ASA (rasa) prediction in asaq.XP_029791807.1.fasta/rasaq.pred, last colums is STDEV
ASA prediction in asaq.XP_029791807.1.fasta/asaq.pred, last colums is error estimate in percent
 GEneral Neural Network (predict), V2.2 2011 (c) -h for help
 Eshel Faraggi, efaraggi@gmail.com
 You Must Obtain a License From Above Address to Use GENN
 Weights file: /work2/DELPHI_Server/programs/GENN+ASAquick/ASAquick/ASAq.wei/ASAquick.gl1.wei
     INS/OUTS:        blosnorm        physpar              /     asa2minmax
    MAIN:      0.4292
    MAIN:      0.4546
    MAIN:      0.4203
    MAIN:      0.4148
    MAIN:      0.4044
Relative ASA (rasa) prediction in asaq.XP_030158645.1.fasta/rasaq.pred, last colums is STDEV
ASA prediction in asaq.XP_030158645.1.fasta/asaq.pred, last colums is error estimate in percent
 GEneral Neural Network (predict), V2.2 2011 (c) -h for help
 Eshel Faraggi, efaraggi@gmail.com
 You Must Obtain a License From Above Address to Use GENN
 Weights file: /work2/DELPHI_Server/programs/GENN+ASAquick/ASAquick/ASAq.wei/ASAquick.gl1.wei
     INS/OUTS:        blosnorm        physpar              /     asa2minmax
    MAIN:      0.4197
    MAIN:      0.4634
    MAIN:      0.4201
    MAIN:      0.4176
    MAIN:      0.4175
Relative ASA (rasa) prediction in asaq.XP_030697744.1.fasta/rasaq.pred, last colums is STDEV
ASA prediction in asaq.XP_030697744.1.fasta/asaq.pred, last colums is error estimate in percent
 GEneral Neural Network (predict), V2.2 2011 (c) -h for help
 Eshel Faraggi, efaraggi@gmail.com
 You Must Obtain a License From Above Address to Use GENN
 Weights file: /work2/DELPHI_Server/programs/GENN+ASAquick/ASAquick/ASAq.wei/ASAquick.gl1.wei
     INS/OUTS:        blosnorm        physpar              /     asa2minmax
    MAIN:      0.3953
    MAIN:      0.4241
    MAIN:      0.4045
    MAIN:      0.4045
    MAIN:      0.4229
Relative ASA (rasa) prediction in asaq.XP_030792357.1.fasta/rasaq.pred, last colums is STDEV
ASA prediction in asaq.XP_030792357.1.fasta/asaq.pred, last colums is error estimate in percent
 GEneral Neural Network (predict), V2.2 2011 (c) -h for help
 Eshel Faraggi, efaraggi@gmail.com
 You Must Obtain a License From Above Address to Use GENN
 Weights file: /work2/DELPHI_Server/programs/GENN+ASAquick/ASAquick/ASAq.wei/ASAquick.gl1.wei
     INS/OUTS:        blosnorm        physpar              /     asa2minmax
    MAIN:      0.3885
    MAIN:      0.4125
    MAIN:      0.3906
    MAIN:      0.3986
    MAIN:      0.3934
Relative ASA (rasa) prediction in asaq.XP_030887546.1.fasta/rasaq.pred, last colums is STDEV
ASA prediction in asaq.XP_030887546.1.fasta/asaq.pred, last colums is error estimate in percent
 GEneral Neural Network (predict), V2.2 2011 (c) -h for help
 Eshel Faraggi, efaraggi@gmail.com
 You Must Obtain a License From Above Address to Use GENN
 Weights file: /work2/DELPHI_Server/programs/GENN+ASAquick/ASAquick/ASAq.wei/ASAquick.gl1.wei
     INS/OUTS:        blosnorm        physpar              /     asa2minmax
    MAIN:      0.3661
    MAIN:      0.3984
    MAIN:      0.4062
    MAIN:      0.3659
    MAIN:      0.3774
Relative ASA (rasa) prediction in asaq.XP_031231904.1.fasta/rasaq.pred, last colums is STDEV
ASA prediction in asaq.XP_031231904.1.fasta/asaq.pred, last colums is error estimate in percent
 GEneral Neural Network (predict), V2.2 2011 (c) -h for help
 Eshel Faraggi, efaraggi@gmail.com
 You Must Obtain a License From Above Address to Use GENN
 Weights file: /work2/DELPHI_Server/programs/GENN+ASAquick/ASAquick/ASAq.wei/ASAquick.gl1.wei
     INS/OUTS:        blosnorm        physpar              /     asa2minmax
    MAIN:      0.3889
    MAIN:      0.4157
    MAIN:      0.3835
    MAIN:      0.3748
    MAIN:      0.3971
Relative ASA (rasa) prediction in asaq.XP_031509772.1.fasta/rasaq.pred, last colums is STDEV
ASA prediction in asaq.XP_031509772.1.fasta/asaq.pred, last colums is error estimate in percent
 GEneral Neural Network (predict), V2.2 2011 (c) -h for help
 Eshel Faraggi, efaraggi@gmail.com
 You Must Obtain a License From Above Address to Use GENN
 Weights file: /work2/DELPHI_Server/programs/GENN+ASAquick/ASAquick/ASAq.wei/ASAquick.gl1.wei
     INS/OUTS:        blosnorm        physpar              /     asa2minmax
    MAIN:      0.4014
    MAIN:      0.4308
    MAIN:      0.4028
    MAIN:      0.3998
    MAIN:      0.4132
Relative ASA (rasa) prediction in asaq.XP_032010000.1.fasta/rasaq.pred, last colums is STDEV
ASA prediction in asaq.XP_032010000.1.fasta/asaq.pred, last colums is error estimate in percent
 GEneral Neural Network (predict), V2.2 2011 (c) -h for help
 Eshel Faraggi, efaraggi@gmail.com
 You Must Obtain a License From Above Address to Use GENN
 Weights file: /work2/DELPHI_Server/programs/GENN+ASAquick/ASAquick/ASAq.wei/ASAquick.gl1.wei
     INS/OUTS:        blosnorm        physpar              /     asa2minmax
    MAIN:      0.3877
    MAIN:      0.4338
    MAIN:      0.4091
    MAIN:      0.3965
    MAIN:      0.4044
Relative ASA (rasa) prediction in asaq.XP_032116571.1.fasta/rasaq.pred, last colums is STDEV
ASA prediction in asaq.XP_032116571.1.fasta/asaq.pred, last colums is error estimate in percent
 GEneral Neural Network (predict), V2.2 2011 (c) -h for help
 Eshel Faraggi, efaraggi@gmail.com
 You Must Obtain a License From Above Address to Use GENN
 Weights file: /work2/DELPHI_Server/programs/GENN+ASAquick/ASAquick/ASAq.wei/ASAquick.gl1.wei
     INS/OUTS:        blosnorm        physpar              /     asa2minmax
    MAIN:      0.4141
    MAIN:      0.4448
    MAIN:      0.4250
    MAIN:      0.4247
    MAIN:      0.4231
Relative ASA (rasa) prediction in asaq.XP_032174014.1.fasta/rasaq.pred, last colums is STDEV
ASA prediction in asaq.XP_032174014.1.fasta/asaq.pred, last colums is error estimate in percent
 GEneral Neural Network (predict), V2.2 2011 (c) -h for help
 Eshel Faraggi, efaraggi@gmail.com
 You Must Obtain a License From Above Address to Use GENN
 Weights file: /work2/DELPHI_Server/programs/GENN+ASAquick/ASAquick/ASAq.wei/ASAquick.gl1.wei
     INS/OUTS:        blosnorm        physpar              /     asa2minmax
    MAIN:      0.3780
    MAIN:      0.4405
    MAIN:      0.3885
    MAIN:      0.3866
    MAIN:      0.3940
Relative ASA (rasa) prediction in asaq.XP_032319894.1.fasta/rasaq.pred, last colums is STDEV
ASA prediction in asaq.XP_032319894.1.fasta/asaq.pred, last colums is error estimate in percent
 GEneral Neural Network (predict), V2.2 2011 (c) -h for help
 Eshel Faraggi, efaraggi@gmail.com
 You Must Obtain a License From Above Address to Use GENN
 Weights file: /work2/DELPHI_Server/programs/GENN+ASAquick/ASAquick/ASAq.wei/ASAquick.gl1.wei
     INS/OUTS:        blosnorm        physpar              /     asa2minmax
    MAIN:      0.4277
    MAIN:      0.4695
    MAIN:      0.4322
    MAIN:      0.4245
    MAIN:      0.4206
Relative ASA (rasa) prediction in asaq.XP_032465356.1.fasta/rasaq.pred, last colums is STDEV
ASA prediction in asaq.XP_032465356.1.fasta/asaq.pred, last colums is error estimate in percent
 GEneral Neural Network (predict), V2.2 2011 (c) -h for help
 Eshel Faraggi, efaraggi@gmail.com
 You Must Obtain a License From Above Address to Use GENN
 Weights file: /work2/DELPHI_Server/programs/GENN+ASAquick/ASAquick/ASAq.wei/ASAquick.gl1.wei
     INS/OUTS:        blosnorm        physpar              /     asa2minmax
    MAIN:      0.4458
    MAIN:      0.4652
    MAIN:      0.4398
    MAIN:      0.4412
    MAIN:      0.4276
Relative ASA (rasa) prediction in asaq.XP_032701024.1.fasta/rasaq.pred, last colums is STDEV
ASA prediction in asaq.XP_032701024.1.fasta/asaq.pred, last colums is error estimate in percent
 GEneral Neural Network (predict), V2.2 2011 (c) -h for help
 Eshel Faraggi, efaraggi@gmail.com
 You Must Obtain a License From Above Address to Use GENN
 Weights file: /work2/DELPHI_Server/programs/GENN+ASAquick/ASAquick/ASAq.wei/ASAquick.gl1.wei
     INS/OUTS:        blosnorm        physpar              /     asa2minmax
    MAIN:      0.3849
    MAIN:      0.4502
    MAIN:      0.4165
    MAIN:      0.4184
    MAIN:      0.4145
Relative ASA (rasa) prediction in asaq.XP_032949099.1.fasta/rasaq.pred, last colums is STDEV
ASA prediction in asaq.XP_032949099.1.fasta/asaq.pred, last colums is error estimate in percent
 GEneral Neural Network (predict), V2.2 2011 (c) -h for help
 Eshel Faraggi, efaraggi@gmail.com
 You Must Obtain a License From Above Address to Use GENN
 Weights file: /work2/DELPHI_Server/programs/GENN+ASAquick/ASAquick/ASAq.wei/ASAquick.gl1.wei
     INS/OUTS:        blosnorm        physpar              /     asa2minmax
    MAIN:      0.3946
    MAIN:      0.4236
    MAIN:      0.3977
    MAIN:      0.4045
    MAIN:      0.4093
Relative ASA (rasa) prediction in asaq.XP_033056541.1.fasta/rasaq.pred, last colums is STDEV
ASA prediction in asaq.XP_033056541.1.fasta/asaq.pred, last colums is error estimate in percent
 GEneral Neural Network (predict), V2.2 2011 (c) -h for help
 Eshel Faraggi, efaraggi@gmail.com
 You Must Obtain a License From Above Address to Use GENN
 Weights file: /work2/DELPHI_Server/programs/GENN+ASAquick/ASAquick/ASAq.wei/ASAquick.gl1.wei
     INS/OUTS:        blosnorm        physpar              /     asa2minmax
    MAIN:      0.4215
    MAIN:      0.4653
    MAIN:      0.4271
    MAIN:      0.4219
    MAIN:      0.4221
Relative ASA (rasa) prediction in asaq.XP_033712927.1.fasta/rasaq.pred, last colums is STDEV
ASA prediction in asaq.XP_033712927.1.fasta/asaq.pred, last colums is error estimate in percent
 GEneral Neural Network (predict), V2.2 2011 (c) -h for help
 Eshel Faraggi, efaraggi@gmail.com
 You Must Obtain a License From Above Address to Use GENN
 Weights file: /work2/DELPHI_Server/programs/GENN+ASAquick/ASAquick/ASAq.wei/ASAquick.gl1.wei
     INS/OUTS:        blosnorm        physpar              /     asa2minmax
    MAIN:      0.3671
    MAIN:      0.4036
    MAIN:      0.4018
    MAIN:      0.3762
    MAIN:      0.3834
Relative ASA (rasa) prediction in asaq.XP_034356829.1.fasta/rasaq.pred, last colums is STDEV
ASA prediction in asaq.XP_034356829.1.fasta/asaq.pred, last colums is error estimate in percent
 GEneral Neural Network (predict), V2.2 2011 (c) -h for help
 Eshel Faraggi, efaraggi@gmail.com
 You Must Obtain a License From Above Address to Use GENN
 Weights file: /work2/DELPHI_Server/programs/GENN+ASAquick/ASAquick/ASAq.wei/ASAquick.gl1.wei
     INS/OUTS:        blosnorm        physpar              /     asa2minmax
    MAIN:      0.4021
    MAIN:      0.4345
    MAIN:      0.4204
    MAIN:      0.4305
    MAIN:      0.4149
Relative ASA (rasa) prediction in asaq.XP_034523304.1.fasta/rasaq.pred, last colums is STDEV
ASA prediction in asaq.XP_034523304.1.fasta/asaq.pred, last colums is error estimate in percent
HSP table 0 took me (3163.190430 seconds).
-----------Investigating the second hashtalbe (total: 4)
HSP table 1 took me (3468.203369 seconds).
-----------Investigating the third hashtalbe (total: 4)
HSP table 2 took me (3067.954834 seconds).
-----------Investigating the fourth hashtalbe (total: 4)
HSP table 3 took me (3208.145996 seconds).
----------output the HSP_PAIRS-------
-----------compute_hsps finished--------
computing PSSM
/work2/DELPHI_Server/Src/tmp/tmp-2020-06-14-10-20-02/PSSM_raw/1/NP_001154913.1.fasta.pssm already exist
/work2/DELPHI_Server/Src/tmp/tmp-2020-06-14-10-20-02/PSSM_raw/1/XP_003259529.2.fasta.pssm already exist
/work2/DELPHI_Server/Src/tmp/tmp-2020-06-14-10-20-02/PSSM_raw/1/XP_004284582.1.fasta.pssm already exist
/work2/DELPHI_Server/Src/tmp/tmp-2020-06-14-10-20-02/PSSM_raw/1/XP_004480636.1.fasta.pssm already exist
/work2/DELPHI_Server/Src/tmp/tmp-2020-06-14-10-20-02/PSSM_raw/1/XP_004778530.1.fasta.pssm already exist
/work2/DELPHI_Server/Src/tmp/tmp-2020-06-14-10-20-02/PSSM_raw/1/XP_005411762.1.fasta.pssm already exist
/work2/DELPHI_Server/Src/tmp/tmp-2020-06-14-10-20-02/PSSM_raw/1/XP_005541458.1.fasta.pssm already exist
/work2/DELPHI_Server/Src/tmp/tmp-2020-06-14-10-20-02/PSSM_raw/1/XP_005898811.1.fasta.pssm already exist
/work2/DELPHI_Server/Src/tmp/tmp-2020-06-14-10-20-02/PSSM_raw/1/XP_006052010.1.fasta.pssm already exist
/work2/DELPHI_Server/Src/tmp/tmp-2020-06-14-10-20-02/PSSM_raw/1/XP_006501617.1.fasta.pssm already exist
/work2/DELPHI_Server/Src/tmp/tmp-2020-06-14-10-20-02/PSSM_raw/1/XP_007110396.1.fasta.pssm already exist
/work2/DELPHI_Server/Src/tmp/tmp-2020-06-14-10-20-02/PSSM_raw/1/XP_007457934.1.fasta.pssm already exist
/work2/DELPHI_Server/Src/tmp/tmp-2020-06-14-10-20-02/PSSM_raw/1/XP_007974887.1.fasta.pssm already exist
/work2/DELPHI_Server/Src/tmp/tmp-2020-06-14-10-20-02/PSSM_raw/1/XP_008047986.1.fasta.pssm already exist
/work2/DELPHI_Server/Src/tmp/tmp-2020-06-14-10-20-02/PSSM_raw/1/XP_008262513.1.fasta.pssm already exist
/work2/DELPHI_Server/Src/tmp/tmp-2020-06-14-10-20-02/PSSM_raw/1/XP_008694758.1.fasta.pssm already exist
/work2/DELPHI_Server/Src/tmp/tmp-2020-06-14-10-20-02/PSSM_raw/1/XP_008982868.1.fasta.pssm already exist
/work2/DELPHI_Server/Src/tmp/tmp-2020-06-14-10-20-02/PSSM_raw/1/XP_009432938.2.fasta.pssm already exist
/work2/DELPHI_Server/Src/tmp/tmp-2020-06-14-10-20-02/PSSM_raw/1/XP_011768187.1.fasta.pssm already exist
/work2/DELPHI_Server/Src/tmp/tmp-2020-06-14-10-20-02/PSSM_raw/1/XP_011783850.1.fasta.pssm already exist
/work2/DELPHI_Server/Src/tmp/tmp-2020-06-14-10-20-02/PSSM_raw/1/XP_011848214.1.fasta.pssm already exist
/work2/DELPHI_Server/Src/tmp/tmp-2020-06-14-10-20-02/PSSM_raw/1/XP_011934136.1.fasta.pssm already exist
/work2/DELPHI_Server/Src/tmp/tmp-2020-06-14-10-20-02/PSSM_raw/1/XP_012305214.1.fasta.pssm already exist
/work2/DELPHI_Server/Src/tmp/tmp-2020-06-14-10-20-02/PSSM_raw/1/XP_012418763.1.fasta.pssm already exist
/work2/DELPHI_Server/Src/tmp/tmp-2020-06-14-10-20-02/PSSM_raw/1/XP_012886129.1.fasta.pssm already exist
/work2/DELPHI_Server/Src/tmp/tmp-2020-06-14-10-20-02/PSSM_raw/1/XP_013014485.1.fasta.pssm already exist
/work2/DELPHI_Server/Src/tmp/tmp-2020-06-14-10-20-02/PSSM_raw/1/XP_016021673.1.fasta.pssm already exist
/work2/DELPHI_Server/Src/tmp/tmp-2020-06-14-10-20-02/PSSM_raw/1/XP_017365535.1.fasta.pssm already exist
/work2/DELPHI_Server/Src/tmp/tmp-2020-06-14-10-20-02/PSSM_raw/1/XP_017707973.1.fasta.pssm already exist
/work2/DELPHI_Server/Src/tmp/tmp-2020-06-14-10-20-02/PSSM_raw/1/XP_021014583.1.fasta.pssm already exist
/work2/DELPHI_Server/Src/tmp/tmp-2020-06-14-10-20-02/PSSM_raw/1/XP_021052433.1.fasta.pssm already exist
/work2/DELPHI_Server/Src/tmp/tmp-2020-06-14-10-20-02/PSSM_raw/1/XP_021088736.1.fasta.pssm already exist
/work2/DELPHI_Server/Src/tmp/tmp-2020-06-14-10-20-02/PSSM_raw/1/XP_021517519.1.fasta.pssm already exist
/work2/DELPHI_Server/Src/tmp/tmp-2020-06-14-10-20-02/PSSM_raw/1/XP_022276949.1.fasta.pssm already exist
/work2/DELPHI_Server/Src/tmp/tmp-2020-06-14-10-20-02/PSSM_raw/1/XP_022346709.1.fasta.pssm already exist
/work2/DELPHI_Server/Src/tmp/tmp-2020-06-14-10-20-02/PSSM_raw/1/XP_022415439.1.fasta.pssm already exist
/work2/DELPHI_Server/Src/tmp/tmp-2020-06-14-10-20-02/PSSM_raw/1/XP_023069863.1.fasta.pssm already exist
/work2/DELPHI_Server/Src/tmp/tmp-2020-06-14-10-20-02/PSSM_raw/1/XP_023102973.1.fasta.pssm already exist
/work2/DELPHI_Server/Src/tmp/tmp-2020-06-14-10-20-02/PSSM_raw/1/XP_023409861.1.fasta.pssm already exist
/work2/DELPHI_Server/Src/tmp/tmp-2020-06-14-10-20-02/PSSM_raw/1/XP_023569625.1.fasta.pssm already exist
/work2/DELPHI_Server/Src/tmp/tmp-2020-06-14-10-20-02/PSSM_raw/1/XP_023617359.1.fasta.pssm already exist
/work2/DELPHI_Server/Src/tmp/tmp-2020-06-14-10-20-02/PSSM_raw/1/XP_025213818.1.fasta.pssm already exist
/work2/DELPHI_Server/Src/tmp/tmp-2020-06-14-10-20-02/PSSM_raw/1/XP_025286581.1.fasta.pssm already exist
/work2/DELPHI_Server/Src/tmp/tmp-2020-06-14-10-20-02/PSSM_raw/1/XP_026904539.1.fasta.pssm already exist
/work2/DELPHI_Server/Src/tmp/tmp-2020-06-14-10-20-02/PSSM_raw/1/XP_026950820.1.fasta.pssm already exist
/work2/DELPHI_Server/Src/tmp/tmp-2020-06-14-10-20-02/PSSM_raw/1/XP_027248854.1.fasta.pssm already exist
/work2/DELPHI_Server/Src/tmp/tmp-2020-06-14-10-20-02/PSSM_raw/1/XP_027467932.1.fasta.pssm already exist
/work2/DELPHI_Server/Src/tmp/tmp-2020-06-14-10-20-02/PSSM_raw/1/XP_029083428.1.fasta.pssm already exist
/work2/DELPHI_Server/Src/tmp/tmp-2020-06-14-10-20-02/PSSM_raw/1/XP_029791807.1.fasta.pssm already exist
/work2/DELPHI_Server/Src/tmp/tmp-2020-06-14-10-20-02/PSSM_raw/1/XP_030158645.1.fasta.pssm already exist
/work2/DELPHI_Server/Src/tmp/tmp-2020-06-14-10-20-02/PSSM_raw/1/XP_030697744.1.fasta.pssm already exist
/work2/DELPHI_Server/Src/tmp/tmp-2020-06-14-10-20-02/PSSM_raw/1/XP_030792357.1.fasta.pssm already exist
/work2/DELPHI_Server/Src/tmp/tmp-2020-06-14-10-20-02/PSSM_raw/1/XP_030887546.1.fasta.pssm already exist
/work2/DELPHI_Server/Src/tmp/tmp-2020-06-14-10-20-02/PSSM_raw/1/XP_031231904.1.fasta.pssm already exist
/work2/DELPHI_Server/Src/tmp/tmp-2020-06-14-10-20-02/PSSM_raw/1/XP_031509772.1.fasta.pssm already exist
/work2/DELPHI_Server/Src/tmp/tmp-2020-06-14-10-20-02/PSSM_raw/1/XP_032010000.1.fasta.pssm already exist
/work2/DELPHI_Server/Src/tmp/tmp-2020-06-14-10-20-02/PSSM_raw/1/XP_032116571.1.fasta.pssm already exist
/work2/DELPHI_Server/Src/tmp/tmp-2020-06-14-10-20-02/PSSM_raw/1/XP_032174014.1.fasta.pssm already exist
/work2/DELPHI_Server/Src/tmp/tmp-2020-06-14-10-20-02/PSSM_raw/1/XP_032319894.1.fasta.pssm already exist
/work2/DELPHI_Server/Src/tmp/tmp-2020-06-14-10-20-02/PSSM_raw/1/XP_032465356.1.fasta.pssm already exist
/work2/DELPHI_Server/Src/tmp/tmp-2020-06-14-10-20-02/PSSM_raw/1/XP_032701024.1.fasta.pssm already exist
/work2/DELPHI_Server/Src/tmp/tmp-2020-06-14-10-20-02/PSSM_raw/1/XP_032949099.1.fasta.pssm already exist
/work2/DELPHI_Server/Src/tmp/tmp-2020-06-14-10-20-02/PSSM_raw/1/XP_033056541.1.fasta.pssm already exist
/work2/DELPHI_Server/Src/tmp/tmp-2020-06-14-10-20-02/PSSM_raw/1/XP_033712927.1.fasta.pssm already exist
/work2/DELPHI_Server/Src/tmp/tmp-2020-06-14-10-20-02/PSSM_raw/1/XP_034356829.1.fasta.pssm already exist
/work2/DELPHI_Server/Src/tmp/tmp-2020-06-14-10-20-02/PSSM_raw/1/XP_034523304.1.fasta.pssm already exist
max_value:  13.0
min_value:  -16.0
Using TensorFlow backend.
[INFO] line 71: Program started: 2020-06-14 10:52:33
[INFO] line 49: Parsing program arguments...
[INFO] line 71: Loading feature ECO: 2020-06-14 10:52:33
[INFO] line 71: Loading feature RAA: 2020-06-14 10:52:33
[INFO] line 71: Loading feature RSA: 2020-06-14 10:52:33
[INFO] line 71: Loading feature Anchor: 2020-06-14 10:52:33
[INFO] line 71: Loading feature HYD: 2020-06-14 10:52:33
[INFO] line 71: Loading feature PKA: 2020-06-14 10:52:33
[INFO] line 71: Loading feature Pro2Vec_1D: 2020-06-14 10:52:33
[INFO] line 71: Loading feature HSP: 2020-06-14 10:52:33
[INFO] line 71: Loading feature POSITION: 2020-06-14 10:52:33
[INFO] line 71: Loading feature PHY_Char: 2020-06-14 10:52:33
[INFO] line 71: Loading feature PHY_Prop: 2020-06-14 10:52:33
[INFO] line 71: Loading feature PSSM: 2020-06-14 10:52:34
[INFO] line 71: Loading features done: 2020-06-14 10:52:34
[INFO] line 71: Assembling 12 features: 2020-06-14 10:52:37
[INFO] line 71: Start predicting: 2020-06-14 10:52:38
[INFO] line 71: using the CPU model: 2020-06-14 10:52:38
2020-06-14 10:52:38.862267: I tensorflow/core/platform/cpu_feature_guard.cc:137] Your CPU supports instructions that this TensorFlow binary was not compiled to use: SSE4.1 SSE4.2
[INFO] line 71: Start predicting...: 2020-06-14 10:52:39
[INFO] line 71: End predicting: 2020-06-14 10:52:44
[INFO] line 71: Program ended: 2020-06-14 10:52:44
program arguments are:  Namespace(cpu=1, input_fn='/work2/DELPHI_Server/Src/tmp/tmp-2020-06-14-10-20-02/input.fasta', out_dir='/work2/DELPHI_Server/Src/tmp/tmp-2020-06-14-10-20-02/out', tmp_dir='/work2/DELPHI_Server/Src/tmp/tmp-2020-06-14-10-20-02')
